#0 building with "default" instance using docker driver

#1 [internal] load build definition from Dockerfile
#1 transferring dockerfile: 334B done
#1 DONE 0.0s

#2 [internal] load metadata for docker.io/library/rust:slim
#2 DONE 0.3s

#3 [internal] load metadata for docker.io/library/debian:bookworm-slim
#3 DONE 0.3s

#4 [internal] load .dockerignore
#4 transferring context: 2B done
#4 DONE 0.0s

#5 [build 1/5] FROM docker.io/library/rust:slim@sha256:0d8bf269f3ab28ddcdc3a182f519d7499daee82ce2faa4008048ae8adf6977e7
#5 resolve docker.io/library/rust:slim@sha256:0d8bf269f3ab28ddcdc3a182f519d7499daee82ce2faa4008048ae8adf6977e7 0.0s done
#5 DONE 0.0s

#6 [build 2/5] WORKDIR /app
#6 CACHED

#7 [stage-1 1/3] FROM docker.io/library/debian:bookworm-slim@sha256:e899040a73d36e2b36fa33216943539d9957cba8172b858097c2cabcdb20a3e2
#7 resolve docker.io/library/debian:bookworm-slim@sha256:e899040a73d36e2b36fa33216943539d9957cba8172b858097c2cabcdb20a3e2 0.0s done
#7 DONE 0.0s

#8 [stage-1 2/3] WORKDIR /app
#8 CACHED

#9 [internal] load build context
#9 transferring context: 86B done
#9 DONE 0.0s

#10 [build 3/5] COPY Cargo.toml ./
#10 DONE 0.0s

#11 [build 4/5] COPY src ./src
#11 DONE 0.0s

#12 [build 5/5] RUN cargo build --release
#12 0.183     Updating crates.io index
#12 3.783      Locking 247 packages to latest compatible versions
#12 3.789       Adding generic-array v0.14.7 (available: v0.14.9)
#12 3.810  Downloading crates ...
#12 4.151   Downloaded actix-service v2.0.3
#12 4.241   Downloaded actix-macros v0.2.4
#12 4.314   Downloaded actix-utils v3.0.1
#12 4.342   Downloaded bytestring v1.5.0
#12 4.344   Downloaded percent-encoding v2.3.2
#12 4.348   Downloaded block-buffer v0.10.4
#12 4.418   Downloaded cpufeatures v0.2.17
#12 4.422   Downloaded crypto-common v0.1.7
#12 4.431   Downloaded potential_utf v0.1.4
#12 4.435   Downloaded ppv-lite86 v0.2.21
#12 4.441   Downloaded cfg-if v1.0.4
#12 4.446   Downloaded alloc-no-stdlib v2.0.4
#12 4.449   Downloaded openssl-macros v0.1.1
#12 4.472   Downloaded equivalent v1.0.2
#12 4.474   Downloaded adler2 v2.0.1
#12 4.481   Downloaded fnv v1.0.7
#12 4.483   Downloaded cfg_aliases v0.2.1
#12 4.484   Downloaded atomic-waker v1.1.2
#12 4.493   Downloaded itoa v1.0.16
#12 4.495   Downloaded foreign-types-shared v0.1.1
#12 4.497   Downloaded futures-task v0.3.31
#12 4.502   Downloaded pin-utils v0.1.0
#12 4.510   Downloaded lru-slab v0.1.2
#12 4.511   Downloaded alloc-stdlib v0.2.2
#12 4.512   Downloaded num-conv v0.1.0
#12 4.513   Downloaded foreign-types v0.3.2
#12 4.519   Downloaded httpdate v1.0.3
#12 4.524   Downloaded errno v0.3.14
#12 4.525   Downloaded openssl-probe v0.1.6
#12 4.533   Downloaded form_urlencoded v1.2.2
#12 4.535   Downloaded futures-core v0.3.31
#12 4.537   Downloaded powerfmt v0.2.0
#12 4.539   Downloaded http-body v1.0.1
#12 4.540   Downloaded impl-more v0.1.9
#12 4.561   Downloaded idna_adapter v1.2.1
#12 4.581   Downloaded actix-codec v0.5.2
#12 4.583   Downloaded actix-web-codegen v4.3.0
#12 4.586   Downloaded actix-router v0.5.3
#12 4.587   Downloaded actix-rt v2.11.0
#12 4.589   Downloaded local-waker v0.1.4
#12 4.595   Downloaded mime v0.3.17
#12 4.598   Downloaded local-channel v0.1.5
#12 4.605   Downloaded convert_case v0.10.0
#12 4.606   Downloaded hyper-tls v0.6.0
#12 4.610   Downloaded futures-sink v0.3.31
#12 4.613   Downloaded deranged v0.5.5
#12 4.614   Downloaded lock_api v0.4.14
#12 4.615   Downloaded futures-channel v0.3.31
#12 4.617   Downloaded find-msvc-tools v0.1.6
#12 4.619   Downloaded digest v0.10.7
#12 4.620   Downloaded generic-array v0.14.7
#12 4.622   Downloaded parking_lot v0.12.5
#12 4.628   Downloaded ipnet v2.11.0
#12 4.630   Downloaded http-body-util v0.1.3
#12 4.631   Downloaded scopeguard v1.2.0
#12 4.633   Downloaded jobserver v0.1.34
#12 4.664   Downloaded cookie v0.16.2
#12 4.671   Downloaded litemap v0.8.1
#12 4.673   Downloaded getrandom v0.2.16
#12 4.676   Downloaded foldhash v0.1.5
#12 4.677   Downloaded zerofrom v0.1.6
#12 4.678   Downloaded try-lock v0.2.5
#12 4.679   Downloaded displaydoc v0.2.5
#12 4.682   Downloaded once_cell v1.21.3
#12 4.684   Downloaded native-tls v0.2.14
#12 4.686   Downloaded version_check v0.9.5
#12 4.687   Downloaded parking_lot_core v0.9.12
#12 4.690   Downloaded actix-server v2.6.0
#12 4.692   Downloaded tower-service v0.3.3
#12 4.692   Downloaded hyper-rustls v0.27.7
#12 4.699   Downloaded crc32fast v1.5.0
#12 4.701   Downloaded bitflags v2.10.0
#12 4.704   Downloaded language-tags v0.3.2
#12 4.707   Downloaded log v0.4.29
#12 4.709   Downloaded icu_properties v2.1.2
#12 4.711   Downloaded want v0.3.1
#12 4.718   Downloaded icu_provider v2.1.1
#12 4.720   Downloaded icu_normalizer v2.1.1
#12 4.723   Downloaded openssl-sys v0.9.111
#12 4.728   Downloaded flate2 v1.1.5
#12 4.733   Downloaded time-core v0.1.6
#12 4.734   Downloaded icu_normalizer_data v2.1.1
#12 4.735   Downloaded base64 v0.22.1
#12 4.739   Downloaded untrusted v0.9.0
#12 4.740   Downloaded yoke-derive v0.8.1
#12 4.741   Downloaded icu_collections v2.1.1
#12 4.747   Downloaded derive_more v2.1.1
#12 4.758   Downloaded mio v1.1.1
#12 4.763   Downloaded rustc-hash v2.1.1
#12 4.764   Downloaded hyper-util v0.1.19
#12 4.769   Downloaded http v0.2.12
#12 4.772   Downloaded idna v1.1.0
#12 4.775   Downloaded cc v1.2.51
#12 4.777   Downloaded iri-string v0.7.9
#12 4.783   Downloaded unicode-xid v0.2.6
#12 4.784   Downloaded h2 v0.3.27
#12 4.790   Downloaded zerofrom-derive v0.1.6
#12 4.791   Downloaded icu_properties_data v2.1.2
#12 4.800   Downloaded actix-web v4.12.1
#12 4.809   Downloaded brotli-decompressor v5.0.0
#12 4.813   Downloaded tinyvec_macros v0.1.1
#12 4.814   Downloaded pkg-config v0.3.32
#12 4.815   Downloaded openssl v0.10.75
#12 4.823   Downloaded time-macros v0.2.24
#12 4.825   Downloaded subtle v2.6.1
#12 4.826   Downloaded h2 v0.4.12
#12 4.832   Downloaded actix-http v3.11.2
#12 4.838   Downloaded hyper v1.8.1
#12 4.844   Downloaded futures-util v0.3.31
#12 4.855   Downloaded aho-corasick v1.1.4
#12 4.860   Downloaded hashbrown v0.16.1
#12 4.864   Downloaded memchr v2.7.6
#12 4.868   Downloaded indexmap v2.12.1
#12 4.871   Downloaded http v1.4.0
#12 4.874   Downloaded derive_more-impl v2.1.1
#12 4.879   Downloaded getrandom v0.3.4
#12 4.882   Downloaded pin-project-lite v0.2.16
#12 4.887   Downloaded tower-layer v0.3.3
#12 4.888   Downloaded rustc_version v0.4.1
#12 4.889   Downloaded bytes v1.11.0
#12 4.893   Downloaded utf8_iter v1.0.4
#12 4.894   Downloaded serde_urlencoded v0.7.1
#12 4.896   Downloaded tokio-native-tls v0.3.1
#12 4.897   Downloaded stable_deref_trait v1.2.1
#12 4.898   Downloaded rand_core v0.9.3
#12 4.899   Downloaded zstd-safe v7.2.4
#12 4.901   Downloaded signal-hook-registry v1.4.8
#12 4.902   Downloaded quote v1.0.42
#12 4.904   Downloaded simd-adler32 v0.3.8
#12 4.905   Downloaded zstd v0.13.3
#12 4.908   Downloaded zeroize v1.8.2
#12 4.910   Downloaded slab v0.4.11
#12 4.911   Downloaded writeable v0.6.2
#12 4.912   Downloaded sync_wrapper v1.0.2
#12 4.913   Downloaded synstructure v0.13.2
#12 4.914   Downloaded smallvec v1.15.1
#12 4.916   Downloaded zmij v0.1.9
#12 4.917   Downloaded semver v1.0.27
#12 4.919   Downloaded libc v0.2.178
#12 4.949   Downloaded tokio-macros v2.6.0
#12 4.950   Downloaded quinn-udp v0.5.14
#12 4.952   Downloaded rand_chacha v0.9.0
#12 4.953   Downloaded brotli v8.0.2
#12 4.963   Downloaded yoke v0.8.1
#12 4.965   Downloaded tinystr v0.8.2
#12 4.967   Downloaded thiserror-impl v2.0.17
#12 4.968   Downloaded thiserror v2.0.17
#12 4.974   Downloaded tracing-attributes v0.1.31
#12 4.976   Downloaded rustls-pki-types v1.13.2
#12 4.978   Downloaded shlex v1.3.0
#12 4.980   Downloaded sha1 v0.10.6
#12 4.981   Downloaded zerovec-derive v0.11.2
#12 4.982   Downloaded miniz_oxide v0.8.9
#12 4.985   Downloaded icu_locale_core v2.1.1
#12 4.991   Downloaded unicode-ident v1.0.22
#12 4.993   Downloaded proc-macro2 v1.0.103
#12 4.996   Downloaded socket2 v0.6.1
#12 4.997   Downloaded serde_derive v1.0.228
#12 5.000   Downloaded socket2 v0.5.10
#12 5.002   Downloaded httparse v1.10.1
#12 5.004   Downloaded tokio-rustls v0.26.4
#12 5.006   Downloaded tracing-core v0.1.36
#12 5.008   Downloaded serde_core v1.0.228
#12 5.010   Downloaded ryu v1.0.21
#12 5.013   Downloaded encoding_rs v0.8.35
#12 5.028   Downloaded tinyvec v1.10.0
#12 5.041   Downloaded zerotrie v0.2.3
#12 5.044   Downloaded typenum v1.19.0
#12 5.050   Downloaded url v2.5.7
#12 5.061   Downloaded quinn v0.11.9
#12 5.064   Downloaded rustls-webpki v0.103.8
#12 5.074   Downloaded regex-lite v0.1.8
#12 5.077   Downloaded serde v1.0.228
#12 5.080   Downloaded rand v0.9.2
#12 5.088   Downloaded unicode-segmentation v1.12.0
#12 5.094   Downloaded tower v0.5.2
#12 5.103   Downloaded tokio-util v0.7.17
#12 5.109   Downloaded zerovec v0.11.5
#12 5.114   Downloaded time v0.3.44
#12 5.121   Downloaded reqwest v0.12.28
#12 5.125   Downloaded regex v1.12.2
#12 5.130   Downloaded serde_json v1.0.147
#12 5.136   Downloaded tower-http v0.6.8
#12 5.143   Downloaded vcpkg v0.2.15
#12 5.194   Downloaded webpki-roots v1.0.4
#12 5.196   Downloaded zerocopy v0.8.31
#12 5.220   Downloaded quinn-proto v0.11.13
#12 5.225   Downloaded syn v2.0.111
#12 5.234   Downloaded regex-syntax v0.8.8
#12 5.239   Downloaded rustls v0.23.35
#12 5.248   Downloaded tracing v0.1.44
#12 5.261   Downloaded regex-automata v0.4.13
#12 5.291   Downloaded zstd-sys v2.0.16+zstd.1.5.7
#12 5.313   Downloaded tokio v1.48.0
#12 5.349   Downloaded ring v0.17.14
#12 5.422    Compiling proc-macro2 v1.0.103
#12 5.422    Compiling libc v0.2.178
#12 5.422    Compiling quote v1.0.42
#12 5.422    Compiling unicode-ident v1.0.22
#12 5.422    Compiling cfg-if v1.0.4
#12 5.422    Compiling find-msvc-tools v0.1.6
#12 5.424    Compiling shlex v1.3.0
#12 5.426    Compiling pin-project-lite v0.2.16
#12 5.431    Compiling smallvec v1.15.1
#12 5.435    Compiling bytes v1.11.0
#12 5.435    Compiling log v0.4.29
#12 5.435    Compiling parking_lot_core v0.9.12
#12 5.459    Compiling futures-core v0.3.31
#12 5.473    Compiling scopeguard v1.2.0
#12 5.477    Compiling itoa v1.0.16
#12 5.511    Compiling lock_api v0.4.14
#12 5.516    Compiling once_cell v1.21.3
#12 5.532    Compiling pkg-config v0.3.32
#12 5.536    Compiling stable_deref_trait v1.2.1
#12 5.539    Compiling serde_core v1.0.228
#12 5.546    Compiling futures-sink v0.3.31
#12 5.555    Compiling version_check v0.9.5
#12 5.559    Compiling pin-utils v0.1.0
#12 5.562    Compiling fnv v1.0.7
#12 5.592    Compiling futures-task v0.3.31
#12 5.600    Compiling hashbrown v0.16.1
#12 5.603    Compiling vcpkg v0.2.15
#12 5.637    Compiling tracing-core v0.1.36
#12 5.649    Compiling equivalent v1.0.2
#12 5.654    Compiling futures-util v0.3.31
#12 5.672    Compiling percent-encoding v2.3.2
#12 5.682    Compiling writeable v0.6.2
#12 5.730    Compiling typenum v1.19.0
#12 5.798    Compiling slab v0.4.11
#12 5.830    Compiling http v1.4.0
#12 5.842    Compiling memchr v2.7.6
#12 5.916    Compiling litemap v0.8.1
#12 5.985    Compiling httparse v1.10.1
#12 5.994    Compiling bitflags v2.10.0
#12 6.027    Compiling syn v2.0.111
#12 6.049    Compiling generic-array v0.14.7
#12 6.074    Compiling indexmap v2.12.1
#12 6.088    Compiling icu_properties_data v2.1.2
#12 6.117    Compiling icu_normalizer_data v2.1.1
#12 6.192    Compiling getrandom v0.3.4
#12 6.250    Compiling jobserver v0.1.34
#12 6.290    Compiling errno v0.3.14
#12 6.352    Compiling signal-hook-registry v1.4.8
#12 6.366    Compiling mio v1.1.1
#12 6.457    Compiling cc v1.2.51
#12 6.488    Compiling parking_lot v0.12.5
#12 6.540    Compiling socket2 v0.6.1
#12 6.661    Compiling http-body v1.0.1
#12 6.667    Compiling serde v1.0.228
#12 6.704    Compiling zeroize v1.8.2
#12 6.708    Compiling zerocopy v0.8.31
#12 6.799    Compiling rustls-pki-types v1.13.2
#12 6.822    Compiling getrandom v0.2.16
#12 6.916    Compiling foreign-types-shared v0.1.1
#12 6.949    Compiling openssl v0.10.75
#12 6.952    Compiling tower-service v0.3.3
#12 6.958    Compiling atomic-waker v1.1.2
#12 6.980    Compiling untrusted v0.9.0
#12 6.986    Compiling try-lock v0.2.5
#12 7.019    Compiling base64 v0.22.1
#12 7.027    Compiling want v0.3.1
#12 7.036    Compiling foreign-types v0.3.2
#12 7.123    Compiling futures-channel v0.3.31
#12 7.131    Compiling local-waker v0.1.4
#12 7.135    Compiling rustls v0.23.35
#12 7.151    Compiling native-tls v0.2.14
#12 7.193    Compiling crc32fast v1.5.0
#12 7.201    Compiling unicode-segmentation v1.12.0
#12 7.228    Compiling alloc-no-stdlib v2.0.4
#12 7.268    Compiling zstd-safe v7.2.4
#12 7.276    Compiling alloc-stdlib v0.2.2
#12 7.286    Compiling rand_core v0.9.3
#12 7.341    Compiling block-buffer v0.10.4
#12 7.346    Compiling crypto-common v0.1.7
#12 7.354    Compiling aho-corasick v1.1.4
#12 7.354    Compiling http v0.2.12
#12 7.388    Compiling form_urlencoded v1.2.2
#12 7.405    Compiling subtle v2.6.1
#12 7.409    Compiling num-conv v0.1.0
#12 7.434    Compiling convert_case v0.10.0
#12 7.445    Compiling serde_json v1.0.147
#12 7.482    Compiling ipnet v2.11.0
#12 7.513    Compiling utf8_iter v1.0.4
#12 7.518    Compiling openssl-sys v0.9.111
#12 7.579    Compiling ring v0.17.14
#12 7.598    Compiling zstd-sys v2.0.16+zstd.1.5.7
#12 7.747    Compiling adler2 v2.0.1
#12 7.809 warning: openssl-sys@0.9.111: Could not find directory of OpenSSL installation, and this `-sys` crate cannot proceed without this knowledge. If OpenSSL is installed and this crate had trouble finding it,  you can set the `OPENSSL_DIR` environment variable for the compilation process. See stderr section below for further information.
#12 7.809 error: failed to run custom build command for `openssl-sys v0.9.111`
#12 7.809 
#12 7.809 Caused by:
#12 7.809   process didn't exit successfully: `/app/target/release/build/openssl-sys-3f6cd91b488ce824/build-script-main` (exit status: 101)
#12 7.809   --- stdout
#12 7.809   cargo:rustc-check-cfg=cfg(osslconf, values("OPENSSL_NO_OCB", "OPENSSL_NO_SM4", "OPENSSL_NO_SEED", "OPENSSL_NO_CHACHA", "OPENSSL_NO_CAST", "OPENSSL_NO_IDEA", "OPENSSL_NO_CAMELLIA", "OPENSSL_NO_RC4", "OPENSSL_NO_BF", "OPENSSL_NO_PSK", "OPENSSL_NO_DEPRECATED_3_0", "OPENSSL_NO_SCRYPT", "OPENSSL_NO_SM3", "OPENSSL_NO_RMD160", "OPENSSL_NO_EC2M", "OPENSSL_NO_OCSP", "OPENSSL_NO_CMS", "OPENSSL_NO_COMP", "OPENSSL_NO_SOCK", "OPENSSL_NO_STDIO", "OPENSSL_NO_EC", "OPENSSL_NO_SSL3_METHOD", "OPENSSL_NO_KRB5", "OPENSSL_NO_TLSEXT", "OPENSSL_NO_SRP", "OPENSSL_NO_SRTP", "OPENSSL_NO_RFC3779", "OPENSSL_NO_SHA", "OPENSSL_NO_NEXTPROTONEG", "OPENSSL_NO_ENGINE", "OPENSSL_NO_BUF_FREELISTS", "OPENSSL_NO_RC2"))
#12 7.809   cargo:rustc-check-cfg=cfg(openssl)
#12 7.809   cargo:rustc-check-cfg=cfg(libressl)
#12 7.809   cargo:rustc-check-cfg=cfg(boringssl)
#12 7.809   cargo:rustc-check-cfg=cfg(awslc)
#12 7.809   cargo:rustc-check-cfg=cfg(libressl250)
#12 7.809   cargo:rustc-check-cfg=cfg(libressl251)
#12 7.809   cargo:rustc-check-cfg=cfg(libressl252)
#12 7.809   cargo:rustc-check-cfg=cfg(libressl261)
#12 7.809   cargo:rustc-check-cfg=cfg(libressl270)
#12 7.809   cargo:rustc-check-cfg=cfg(libressl271)
#12 7.809   cargo:rustc-check-cfg=cfg(libressl273)
#12 7.809   cargo:rustc-check-cfg=cfg(libressl280)
#12 7.809   cargo:rustc-check-cfg=cfg(libressl281)
#12 7.809   cargo:rustc-check-cfg=cfg(libressl291)
#12 7.809   cargo:rustc-check-cfg=cfg(libressl310)
#12 7.809   cargo:rustc-check-cfg=cfg(libressl321)
#12 7.809   cargo:rustc-check-cfg=cfg(libressl332)
#12 7.809   cargo:rustc-check-cfg=cfg(libressl340)
#12 7.809   cargo:rustc-check-cfg=cfg(libressl350)
#12 7.809   cargo:rustc-check-cfg=cfg(libressl360)
#12 7.809   cargo:rustc-check-cfg=cfg(libressl361)
#12 7.809   cargo:rustc-check-cfg=cfg(libressl370)
#12 7.809   cargo:rustc-check-cfg=cfg(libressl380)
#12 7.809   cargo:rustc-check-cfg=cfg(libressl381)
#12 7.809   cargo:rustc-check-cfg=cfg(libressl382)
#12 7.809   cargo:rustc-check-cfg=cfg(libressl390)
#12 7.809   cargo:rustc-check-cfg=cfg(libressl400)
#12 7.809   cargo:rustc-check-cfg=cfg(libressl410)
#12 7.809   cargo:rustc-check-cfg=cfg(libressl420)
#12 7.809   cargo:rustc-check-cfg=cfg(ossl101)
#12 7.809   cargo:rustc-check-cfg=cfg(ossl102)
#12 7.809   cargo:rustc-check-cfg=cfg(ossl102f)
#12 7.809   cargo:rustc-check-cfg=cfg(ossl102h)
#12 7.809   cargo:rustc-check-cfg=cfg(ossl110)
#12 7.809   cargo:rustc-check-cfg=cfg(ossl110f)
#12 7.809   cargo:rustc-check-cfg=cfg(ossl110g)
#12 7.809   cargo:rustc-check-cfg=cfg(ossl110h)
#12 7.809   cargo:rustc-check-cfg=cfg(ossl111)
#12 7.809   cargo:rustc-check-cfg=cfg(ossl111b)
#12 7.809   cargo:rustc-check-cfg=cfg(ossl111c)
#12 7.809   cargo:rustc-check-cfg=cfg(ossl111d)
#12 7.809   cargo:rustc-check-cfg=cfg(ossl300)
#12 7.809   cargo:rustc-check-cfg=cfg(ossl310)
#12 7.809   cargo:rustc-check-cfg=cfg(ossl320)
#12 7.809   cargo:rustc-check-cfg=cfg(ossl330)
#12 7.809   cargo:rustc-check-cfg=cfg(ossl340)
#12 7.809   cargo:rerun-if-env-changed=X86_64_UNKNOWN_LINUX_GNU_OPENSSL_LIB_DIR
#12 7.809   X86_64_UNKNOWN_LINUX_GNU_OPENSSL_LIB_DIR unset
#12 7.809   cargo:rerun-if-env-changed=OPENSSL_LIB_DIR
#12 7.809   OPENSSL_LIB_DIR unset
#12 7.809   cargo:rerun-if-env-changed=X86_64_UNKNOWN_LINUX_GNU_OPENSSL_INCLUDE_DIR
#12 7.809   X86_64_UNKNOWN_LINUX_GNU_OPENSSL_INCLUDE_DIR unset
#12 7.809   cargo:rerun-if-env-changed=OPENSSL_INCLUDE_DIR
#12 7.809   OPENSSL_INCLUDE_DIR unset
#12 7.809   cargo:rerun-if-env-changed=X86_64_UNKNOWN_LINUX_GNU_OPENSSL_DIR
#12 7.809   X86_64_UNKNOWN_LINUX_GNU_OPENSSL_DIR unset
#12 7.809   cargo:rerun-if-env-changed=OPENSSL_DIR
#12 7.809   OPENSSL_DIR unset
#12 7.809   cargo:rerun-if-env-changed=OPENSSL_NO_PKG_CONFIG
#12 7.809   cargo:rerun-if-env-changed=PKG_CONFIG_x86_64-unknown-linux-gnu
#12 7.809   cargo:rerun-if-env-changed=PKG_CONFIG_x86_64_unknown_linux_gnu
#12 7.809   cargo:rerun-if-env-changed=HOST_PKG_CONFIG
#12 7.809   cargo:rerun-if-env-changed=PKG_CONFIG
#12 7.809   cargo:rerun-if-env-changed=OPENSSL_STATIC
#12 7.809   cargo:rerun-if-env-changed=OPENSSL_DYNAMIC
#12 7.809   cargo:rerun-if-env-changed=PKG_CONFIG_ALL_STATIC
#12 7.809   cargo:rerun-if-env-changed=PKG_CONFIG_ALL_DYNAMIC
#12 7.809   cargo:rerun-if-env-changed=PKG_CONFIG_PATH_x86_64-unknown-linux-gnu
#12 7.809   cargo:rerun-if-env-changed=PKG_CONFIG_PATH_x86_64_unknown_linux_gnu
#12 7.809   cargo:rerun-if-env-changed=HOST_PKG_CONFIG_PATH
#12 7.809   cargo:rerun-if-env-changed=PKG_CONFIG_PATH
#12 7.809   cargo:rerun-if-env-changed=PKG_CONFIG_LIBDIR_x86_64-unknown-linux-gnu
#12 7.809   cargo:rerun-if-env-changed=PKG_CONFIG_LIBDIR_x86_64_unknown_linux_gnu
#12 7.809   cargo:rerun-if-env-changed=HOST_PKG_CONFIG_LIBDIR
#12 7.809   cargo:rerun-if-env-changed=PKG_CONFIG_LIBDIR
#12 7.809   cargo:rerun-if-env-changed=PKG_CONFIG_SYSROOT_DIR_x86_64-unknown-linux-gnu
#12 7.809   cargo:rerun-if-env-changed=PKG_CONFIG_SYSROOT_DIR_x86_64_unknown_linux_gnu
#12 7.809   cargo:rerun-if-env-changed=HOST_PKG_CONFIG_SYSROOT_DIR
#12 7.809   cargo:rerun-if-env-changed=PKG_CONFIG_SYSROOT_DIR
#12 7.809   cargo:rerun-if-env-changed=OPENSSL_STATIC
#12 7.809   cargo:rerun-if-env-changed=OPENSSL_DYNAMIC
#12 7.809   cargo:rerun-if-env-changed=PKG_CONFIG_ALL_STATIC
#12 7.809   cargo:rerun-if-env-changed=PKG_CONFIG_ALL_DYNAMIC
#12 7.809   cargo:rerun-if-env-changed=PKG_CONFIG_PATH_x86_64-unknown-linux-gnu
#12 7.809   cargo:rerun-if-env-changed=PKG_CONFIG_PATH_x86_64_unknown_linux_gnu
#12 7.809   cargo:rerun-if-env-changed=HOST_PKG_CONFIG_PATH
#12 7.809   cargo:rerun-if-env-changed=PKG_CONFIG_PATH
#12 7.809   cargo:rerun-if-env-changed=PKG_CONFIG_LIBDIR_x86_64-unknown-linux-gnu
#12 7.809   cargo:rerun-if-env-changed=PKG_CONFIG_LIBDIR_x86_64_unknown_linux_gnu
#12 7.809   cargo:rerun-if-env-changed=HOST_PKG_CONFIG_LIBDIR
#12 7.809   cargo:rerun-if-env-changed=PKG_CONFIG_LIBDIR
#12 7.809   cargo:rerun-if-env-changed=PKG_CONFIG_SYSROOT_DIR_x86_64-unknown-linux-gnu
#12 7.809   cargo:rerun-if-env-changed=PKG_CONFIG_SYSROOT_DIR_x86_64_unknown_linux_gnu
#12 7.809   cargo:rerun-if-env-changed=HOST_PKG_CONFIG_SYSROOT_DIR
#12 7.809   cargo:rerun-if-env-changed=PKG_CONFIG_SYSROOT_DIR
#12 7.809 
#12 7.809 
#12 7.809   Could not find openssl via pkg-config:
#12 7.809   Could not run `PKG_CONFIG_ALLOW_SYSTEM_CFLAGS=1 pkg-config --libs --cflags openssl`
#12 7.809   The pkg-config command could not be found.
#12 7.809 
#12 7.809   Most likely, you need to install a pkg-config package for your OS.
#12 7.809   Try `apt install pkg-config`, or `yum install pkg-config`, or `brew install pkgconf`
#12 7.809   or `pkg install pkg-config`, or `apk add pkgconfig` depending on your distribution.
#12 7.809 
#12 7.809   If you've already installed it, ensure the pkg-config command is one of the
#12 7.809   directories in the PATH environment variable.
#12 7.809 
#12 7.809   If you did not expect this build to link to a pre-installed system library,
#12 7.809   then check documentation of the openssl-sys crate for an option to
#12 7.809   build the library from source, or disable features or dependencies
#12 7.809   that require pkg-config.
#12 7.809 
#12 7.809   cargo:warning=Could not find directory of OpenSSL installation, and this `-sys` crate cannot proceed without this knowledge. If OpenSSL is installed and this crate had trouble finding it,  you can set the `OPENSSL_DIR` environment variable for the compilation process. See stderr section below for further information.
#12 7.809 
#12 7.809   --- stderr
#12 7.809 
#12 7.809 
#12 7.809   Could not find directory of OpenSSL installation, and this `-sys` crate cannot
#12 7.809   proceed without this knowledge. If OpenSSL is installed and this crate had
#12 7.809   trouble finding it,  you can set the `OPENSSL_DIR` environment variable for the
#12 7.809   compilation process.
#12 7.809 
#12 7.809   Make sure you also have the development packages of openssl installed.
#12 7.809   For example, `libssl-dev` on Ubuntu or `openssl-devel` on Fedora.
#12 7.809 
#12 7.809   If you're in a situation where you think the directory *should* be found
#12 7.809   automatically, please open a bug at https://github.com/rust-openssl/rust-openssl
#12 7.809   and include information about your system as well as this message.
#12 7.809 
#12 7.809   $HOST = x86_64-unknown-linux-gnu
#12 7.809   $TARGET = x86_64-unknown-linux-gnu
#12 7.809   openssl-sys = 0.9.111
#12 7.809 
#12 7.809 
#12 7.809   It looks like you're compiling on Linux and also targeting Linux. Currently this
#12 7.809   requires the `pkg-config` utility to find OpenSSL but unfortunately `pkg-config`
#12 7.809   could not be found. If you have OpenSSL installed you can likely fix this by
#12 7.809   installing `pkg-config`.
#12 7.809 
#12 7.809 
#12 7.809 warning: build failed, waiting for other jobs to finish...
#12 ERROR: process "/bin/sh -c cargo build --release" did not complete successfully: exit code: 101
------
 > [build 5/5] RUN cargo build --release:
7.809   openssl-sys = 0.9.111
7.809 
7.809 
7.809   It looks like you're compiling on Linux and also targeting Linux. Currently this
7.809   requires the `pkg-config` utility to find OpenSSL but unfortunately `pkg-config`
7.809   could not be found. If you have OpenSSL installed you can likely fix this by
7.809   installing `pkg-config`.
7.809 
7.809 
7.809 warning: build failed, waiting for other jobs to finish...
------
Dockerfile:5
--------------------
   3 |     COPY Cargo.toml ./
   4 |     COPY src ./src
   5 | >>> RUN cargo build --release
   6 |     
   7 |     FROM debian:bookworm-slim
--------------------
ERROR: failed to build: failed to solve: process "/bin/sh -c cargo build --release" did not complete successfully: exit code: 101
